<?xml version="1.0" encoding="UTF-8"?>
<!-- Generated by org.testng.reporters.JUnitReportReporter -->
<testsuite skipped="0" hostname="LAPTOP-0OP77ANE" name="MyTest.My_NewTest2" tests="1" failures="0" timestamp="27 Dec 2018 04:30:53 GMT" time="16.255" errors="0">
  <testcase name="googletest" time="16.255" classname="MyTest.My_NewTest2"/>
</testsuite> <!-- MyTest.My_NewTest2 -->
