<?xml version="1.0" encoding="UTF-8"?>
<!-- Generated by org.testng.reporters.JUnitReportReporter -->
<testsuite skipped="0" hostname="LAPTOP-0OP77ANE" name="MyTest.My_NewTest" tests="1" failures="0" timestamp="29 Dec 2018 22:28:23 GMT" time="9.439" errors="0">
  <testcase name="googletest" time="9.439" classname="MyTest.My_NewTest"/>
</testsuite> <!-- MyTest.My_NewTest -->
